<?xml version="1.0" encoding="UTF-8"?>
<!-- Generated by org.testng.reporters.JUnitXMLReporter -->
<testsuite ignored="4" hostname="CPDK342" failures="0" tests="6" name="Test" time="0.168" errors="0" timestamp="2025-08-22T12:51:59 IST">
  <testcase classname="TestNgClases.TestNG_groupDemo" name="Test1" time="0.021"/>
  <testcase classname="TestNgClases.TestNG_groupDemo" name="Test2" time="0.005"/>
  <testcase classname="TestNgClases.TestNG_groupDemo" name="Test3" time="0.002"/>
  <testcase classname="TestNgClases.TestNG_groupDemo" name="Test4" time="0.005"/>
  <testcase classname="TestNgClases.TestNG_groupDemo" name="Test5" time="0.005"/>
  <testcase classname="TestNgClases.NewTest" name="Testcase1" time="0.003"/>
  <testcase classname="TestNgClases.TestNG_groupDemo" name="Test7" time="0.0">
    <ignored/>
  </testcase> <!-- Test7 -->
  <testcase classname="TestNgClases.TestNG_groupDemo" name="Test8" time="0.0">
    <ignored/>
  </testcase> <!-- Test8 -->
  <testcase classname="TestNgClases.NewTest" name="Testcase2" time="0.0">
    <ignored/>
  </testcase> <!-- Testcase2 -->
  <testcase classname="TestNgClases.TestNG_groupDemo" name="Test6" time="0.0">
    <ignored/>
  </testcase> <!-- Test6 -->
</testsuite> <!-- Test -->
