<?xml version="1.0" encoding="UTF-8"?>
<!-- Generated by org.testng.reporters.JUnitXMLReporter -->
<testsuite ignored="2" hostname="CPDK342" failures="1" tests="1" name="Test(failed)(failed)(failed)(failed)(failed)" time="0.065" errors="0" timestamp="2025-08-22T12:31:34 IST">
  <testcase classname="TestNgClases.ParallelTesting_demo" name="Firefox" time="0.0">
    <failure type="org.testng.TestNGException" message="
Cannot inject @Test annotated Method [Firefox] with [class java.lang.String, class java.lang.String].
For more information on native dependency injection please refer to https://testng.org/#_dependency_injection">
      <![CDATA[org.testng.TestNGException: 
Cannot inject @Test annotated Method [Firefox] with [class java.lang.String, class java.lang.String].
For more information on native dependency injection please refer to https://testng.org/#_dependency_injection
at java.base/java.util.ArrayList.forEach(ArrayList.java:1596)
... Removed 26 stack frames]]>
    </failure>
  </testcase> <!-- Firefox -->
  <testcase classname="TestNgClases.ParallelTesting_demo" name="Edge" time="0.0">
    <ignored/>
  </testcase> <!-- Edge -->
  <testcase classname="TestNgClases.ParallelTesting_demo" name="Chrome" time="0.0">
    <ignored/>
  </testcase> <!-- Chrome -->
</testsuite> <!-- Test(failed)(failed)(failed)(failed)(failed) -->
